This is LuaHBTeX, Version 1.18.0 (TeX Live 2024)  (format=lualatex 2024.7.25)  15 AUG 2024 14:19
 restricted system commands enabled.
 file:line:error style messages enabled.
**/Users/kennethlipke/Documents/Resume/PlushCV.tex
(/Users/kennethlipke/Documents/Resume/PlushCV.tex
LaTeX2e <2023-11-01> patch level 1
L3 programming layer <2024-02-20>
Lua module: luaotfload 2024-02-14 3.28 Lua based OpenType font support
Lua module: lualibs 2023-07-13 2.76 ConTeXt Lua standard libraries.
Lua module: lualibs-extended 2023-07-13 2.76 ConTeXt Lua libraries -- extended collection.
luaotfload | conf : Root cache directory is "/Users/kennethlipke/Library/texlive/2024/texmf-var/luatex-cache/generic/names".
luaotfload | init : Loading fontloader "fontloader-2023-12-28.lua" from kpse-resolved path "/usr/local/texlive/2024/texmf-dist/tex/luatex/luaotfload/fontloader-2023-12-28.lua".
Lua-only attribute luaotfload@noligature = 1
luaotfload | init : Context OpenType loader version 3.134
Inserting `luaotfload.node_processor' in `pre_linebreak_filter'.
Inserting `luaotfload.node_processor' in `hpack_filter'.
Inserting `luaotfload.glyph_stream' in `glyph_stream_provider'.
Inserting `luaotfload.define_font' in `define_font'.
Lua-only attribute luaotfload_color_attribute = 2
luaotfload | conf : Root cache directory is "/Users/kennethlipke/Library/texlive/2024/texmf-var/luatex-cache/generic/names".
Inserting `luaotfload.harf.strip_prefix' in `find_opentype_file'.
Inserting `luaotfload.harf.strip_prefix' in `find_truetype_file'.
Removing  `luaotfload.glyph_stream' from `glyph_stream_provider'.
Inserting `luaotfload.harf.glyphstream' in `glyph_stream_provider'.
Inserting `luaotfload.harf.finalize_vlist' in `post_linebreak_filter'.
Inserting `luaotfload.harf.finalize_hlist' in `hpack_filter'.
Inserting `luaotfload.cleanup_files' in `wrapup_run'.
Inserting `luaotfload.harf.finalize_unicode' in `finish_pdffile'.
Inserting `luaotfload.glyphinfo' in `glyph_info'.
Lua-only attribute luaotfload.letterspace_done = 3
Inserting `luaotfload.aux.set_sscale_dimens' in `luaotfload.patch_font'.
Inserting `luaotfload.aux.set_font_index' in `luaotfload.patch_font'.
Inserting `luaotfload.aux.patch_cambria_domh' in `luaotfload.patch_font'.
Inserting `luaotfload.aux.fixup_fontdata' in `luaotfload.patch_font_unsafe'.
Inserting `luaotfload.aux.set_capheight' in `luaotfload.patch_font'.
Inserting `luaotfload.aux.set_xheight' in `luaotfload.patch_font'.
Inserting `luaotfload.rewrite_fontname' in `luaotfload.patch_font'.
Inserting `tracingstacklevels' in `input_level_string'. (./plushcv.cls
Document Class: plushcv 2021/11/30 CV class
(/usr/local/texlive/2024/texmf-dist/tex/latex/base/article.cls
Document Class: article 2023/05/17 v1.4n Standard LaTeX document class
(/usr/local/texlive/2024/texmf-dist/tex/latex/base/size10.clo
File: size10.clo 2023/05/17 v1.4n Standard LaTeX file (size option)
luaotfload | db : Font names database loaded from /Users/kennethlipke/Library/texlive/2024/texmf-var/luatex-cache/generic/names/luaotfload-names.luc.gz)
\c@part=\count186
\c@section=\count187
\c@subsection=\count188
\c@subsubsection=\count189
\c@paragraph=\count190
\c@subparagraph=\count191
\c@figure=\count192
\c@table=\count193
\abovecaptionskip=\skip48
\belowcaptionskip=\skip49
\bibindent=\dimen139
) (/usr/local/texlive/2024/texmf-dist/tex/latex/geometry/geometry.sty
Package: geometry 2020/01/02 v5.9 Page Geometry
 (/usr/local/texlive/2024/texmf-dist/tex/latex/graphics/keyval.sty
Package: keyval 2022/05/29 v1.15 key=value parser (DPC)
\KV@toks@=\toks17
) (/usr/local/texlive/2024/texmf-dist/tex/generic/iftex/ifvtex.sty
Package: ifvtex 2019/10/25 v1.7 ifvtex legacy package. Use iftex instead.
 (/usr/local/texlive/2024/texmf-dist/tex/generic/iftex/iftex.sty
Package: iftex 2022/02/03 v1.0f TeX engine tests
))
\Gm@cnth=\count194
\Gm@cntv=\count195
\c@Gm@tempcnt=\count196
\Gm@bindingoffset=\dimen140
\Gm@wd@mp=\dimen141
\Gm@odd@mp=\dimen142
\Gm@even@mp=\dimen143
\Gm@layoutwidth=\dimen144
\Gm@layoutheight=\dimen145
\Gm@layouthoffset=\dimen146
\Gm@layoutvoffset=\dimen147
\Gm@dimlist=\toks18
) (/usr/local/texlive/2024/texmf-dist/tex/latex/hyperref/hyperref.sty
Package: hyperref 2024-01-20 v7.01h Hypertext links for LaTeX
 (/usr/local/texlive/2024/texmf-dist/tex/latex/kvsetkeys/kvsetkeys.sty
Package: kvsetkeys 2022-10-05 v1.19 Key value parser (HO)
) (/usr/local/texlive/2024/texmf-dist/tex/generic/kvdefinekeys/kvdefinekeys.sty
Package: kvdefinekeys 2019-12-19 v1.6 Define keys (HO)
) (/usr/local/texlive/2024/texmf-dist/tex/generic/pdfescape/pdfescape.sty
Package: pdfescape 2019/12/09 v1.15 Implements pdfTeX's escape features (HO)
 (/usr/local/texlive/2024/texmf-dist/tex/generic/ltxcmds/ltxcmds.sty
Package: ltxcmds 2023-12-04 v1.26 LaTeX kernel commands for general use (HO)
) (/usr/local/texlive/2024/texmf-dist/tex/generic/pdftexcmds/pdftexcmds.sty
Package: pdftexcmds 2020-06-27 v0.33 Utility functions of pdfTeX for LuaTeX (HO)
 (/usr/local/texlive/2024/texmf-dist/tex/generic/infwarerr/infwarerr.sty
Package: infwarerr 2019/12/03 v1.5 Providing info/warning/error messages (HO)
)
Package pdftexcmds Info: \pdf@primitive is available.
Package pdftexcmds Info: \pdf@ifprimitive is available.
Package pdftexcmds Info: \pdfdraftmode found.
\pdftexcmds@toks=\toks19
)) (/usr/local/texlive/2024/texmf-dist/tex/latex/hycolor/hycolor.sty
Package: hycolor 2020-01-27 v1.10 Color options for hyperref/bookmark (HO)
) (/usr/local/texlive/2024/texmf-dist/tex/latex/auxhook/auxhook.sty
Package: auxhook 2019-12-17 v1.6 Hooks for auxiliary files (HO)
) (/usr/local/texlive/2024/texmf-dist/tex/latex/hyperref/nameref.sty
Package: nameref 2023-11-26 v2.56 Cross-referencing by name of section
 (/usr/local/texlive/2024/texmf-dist/tex/latex/refcount/refcount.sty
Package: refcount 2019/12/15 v3.6 Data extraction from label references (HO)
) (/usr/local/texlive/2024/texmf-dist/tex/generic/gettitlestring/gettitlestring.sty
Package: gettitlestring 2019/12/15 v1.6 Cleanup title references (HO)
 (/usr/local/texlive/2024/texmf-dist/tex/latex/kvoptions/kvoptions.sty
Package: kvoptions 2022-06-15 v3.15 Key value format for package options (HO)
))
\c@section@level=\count197
) (/usr/local/texlive/2024/texmf-dist/tex/latex/etoolbox/etoolbox.sty
Package: etoolbox 2020/10/05 v2.5k e-TeX tools for LaTeX (JAW)
\etb@tempcnta=\count198
)
\@linkdim=\dimen148
\Hy@linkcounter=\count199
\Hy@pagecounter=\count266
 (/usr/local/texlive/2024/texmf-dist/tex/latex/hyperref/pd1enc.def
File: pd1enc.def 2024-01-20 v7.01h Hyperref: PDFDocEncoding definition (HO)
) (/usr/local/texlive/2024/texmf-dist/tex/generic/intcalc/intcalc.sty
Package: intcalc 2019/12/15 v1.3 Expandable calculations with integers (HO)
)
\Hy@SavedSpaceFactor=\count267
 (/usr/local/texlive/2024/texmf-dist/tex/latex/hyperref/puenc.def
File: puenc.def 2024-01-20 v7.01h Hyperref: PDF Unicode definition (HO)
)
Package hyperref Info: Hyper figures OFF on input line 4179.
Package hyperref Info: Link nesting OFF on input line 4184.
Package hyperref Info: Hyper index ON on input line 4187.
Package hyperref Info: Plain pages OFF on input line 4194.
Package hyperref Info: Backreferencing OFF on input line 4199.
Package hyperref Info: Implicit mode ON; LaTeX internals redefined.
Package hyperref Info: Bookmarks ON on input line 4446.
\c@Hy@tempcnt=\count268
 (/usr/local/texlive/2024/texmf-dist/tex/latex/url/url.sty
\Urlmuskip=\muskip16
Package: url 2013/09/16  ver 3.4  Verb mode for urls, etc.
)
LaTeX Info: Redefining \url on input line 4784.
\XeTeXLinkMargin=\dimen149
 (/usr/local/texlive/2024/texmf-dist/tex/generic/bitset/bitset.sty
Package: bitset 2019/12/09 v1.3 Handle bit-vector datatype (HO)
 (/usr/local/texlive/2024/texmf-dist/tex/generic/bigintcalc/bigintcalc.sty
Package: bigintcalc 2019/12/15 v1.5 Expandable calculations on big integers (HO)
))
\Fld@menulength=\count269
\Field@Width=\dimen150
\Fld@charsize=\dimen151
Package hyperref Info: Hyper figures OFF on input line 6063.
Package hyperref Info: Link nesting OFF on input line 6068.
Package hyperref Info: Hyper index ON on input line 6071.
Package hyperref Info: backreferencing OFF on input line 6078.
Package hyperref Info: Link coloring OFF on input line 6083.
Package hyperref Info: Link coloring with OCG OFF on input line 6088.
Package hyperref Info: PDF/A mode OFF on input line 6093.
 (/usr/local/texlive/2024/texmf-dist/tex/latex/base/atbegshi-ltx.sty
Package: atbegshi-ltx 2021/01/10 v1.0c Emulation of the original atbegshi
package with kernel methods
)
\Hy@abspage=\count270
\c@Item=\count271
\c@Hfootnote=\count272
)
Package hyperref Info: Driver (autodetected): hluatex.
 (/usr/local/texlive/2024/texmf-dist/tex/latex/hyperref/hluatex.def
File: hluatex.def 2024-01-20 v7.01h Hyperref driver for luaTeX
 (/usr/local/texlive/2024/texmf-dist/tex/generic/stringenc/stringenc.sty
Package: stringenc 2019/11/29 v1.12 Convert strings between diff. encodings (HO)
) (/usr/local/texlive/2024/texmf-dist/tex/latex/base/atveryend-ltx.sty
Package: atveryend-ltx 2020/08/19 v1.0a Emulation of the original atveryend package
with kernel methods
)
\Fld@listcount=\count273
\c@bookmark@seq@number=\count274
 (/usr/local/texlive/2024/texmf-dist/tex/latex/rerunfilecheck/rerunfilecheck.sty
Package: rerunfilecheck 2022-07-10 v1.10 Rerun checks for auxiliary files (HO)
 (/usr/local/texlive/2024/texmf-dist/tex/generic/uniquecounter/uniquecounter.sty
Package: uniquecounter 2019/12/15 v1.4 Provide unlimited unique counter (HO)
)
Package uniquecounter Info: New unique counter `rerunfilecheck' on input line 285.
)
\Hy@SectionHShift=\skip50
) (/usr/local/texlive/2024/texmf-dist/tex/latex/enumitem/enumitem.sty
Package: enumitem 2019/06/20 v3.9 Customized lists
\labelindent=\skip51
\enit@outerparindent=\dimen152
\enit@toks=\toks20
\enit@inbox=\box51
\enit@count@id=\count275
\enitdp@description=\count276
) (/usr/local/texlive/2024/texmf-dist/tex/latex/graphics/graphicx.sty
Package: graphicx 2021/09/16 v1.2d Enhanced LaTeX Graphics (DPC,SPQR)
 (/usr/local/texlive/2024/texmf-dist/tex/latex/graphics/graphics.sty
Package: graphics 2022/03/10 v1.4e Standard LaTeX Graphics (DPC,SPQR)
 (/usr/local/texlive/2024/texmf-dist/tex/latex/graphics/trig.sty
Package: trig 2021/08/11 v1.11 sin cos tan (DPC)
) (/usr/local/texlive/2024/texmf-dist/tex/latex/graphics-cfg/graphics.cfg
File: graphics.cfg 2016/06/04 v1.11 sample graphics configuration
)
Package graphics Info: Driver file: luatex.def on input line 107.
 (/usr/local/texlive/2024/texmf-dist/tex/latex/graphics-def/luatex.def
File: luatex.def 2022/09/22 v1.2d Graphics/color driver for luatex
))
\Gin@req@height=\dimen153
\Gin@req@width=\dimen154
) (/usr/local/texlive/2024/texmf-dist/tex/latex/psnfss/pifont.sty
Package: pifont 2020/03/25 PSNFSS-v9.3 Pi font support (SPQR) 
LaTeX Font Info:    Trying to load font information for U+pzd on input line 63.
 (/usr/local/texlive/2024/texmf-dist/tex/latex/psnfss/upzd.fd
File: upzd.fd 2001/06/04 font definitions for U/pzd.
)
LaTeX Font Info:    Trying to load font information for U+psy on input line 64.
 (/usr/local/texlive/2024/texmf-dist/tex/latex/psnfss/upsy.fd
File: upsy.fd 2001/06/04 font definitions for U/psy.
)) (/usr/local/texlive/2024/texmf-dist/tex/latex/ragged2e/ragged2e.sty
Package: ragged2e 2023/06/22 v3.6 ragged2e Package
 (/usr/local/texlive/2024/texmf-dist/tex/latex/footmisc/footmisc.sty
Package: footmisc 2023/07/05 v6.0f a miscellany of footnote facilities
\FN@temptoken=\toks21
\footnotemargin=\dimen155
\@outputbox@depth=\dimen156
Package footmisc Info: Declaring symbol style bringhurst on input line 696.
Package footmisc Info: Declaring symbol style chicago on input line 704.
Package footmisc Info: Declaring symbol style wiley on input line 713.
Package footmisc Info: Declaring symbol style lamport-robust on input line 724.
Package footmisc Info: Declaring symbol style lamport* on input line 744.
Package footmisc Info: Declaring symbol style lamport*-robust on input line 765.
)
\CenteringLeftskip=\skip52
\RaggedLeftLeftskip=\skip53
\RaggedRightLeftskip=\skip54
\CenteringRightskip=\skip55
\RaggedLeftRightskip=\skip56
\RaggedRightRightskip=\skip57
\CenteringParfillskip=\skip58
\RaggedLeftParfillskip=\skip59
\RaggedRightParfillskip=\skip60
\JustifyingParfillskip=\skip61
\CenteringParindent=\skip62
\RaggedLeftParindent=\skip63
\RaggedRightParindent=\skip64
\JustifyingParindent=\skip65
) (/usr/local/texlive/2024/texmf-dist/tex/latex/cite/cite.sty
LaTeX Info: Redefining \cite on input line 302.
LaTeX Info: Redefining \nocite on input line 332.
Package: cite 2015/02/27  v 5.5
) (/usr/local/texlive/2024/texmf-dist/tex/latex/xcolor/xcolor.sty
Package: xcolor 2023/11/15 v3.01 LaTeX color extensions (UK)
 (/usr/local/texlive/2024/texmf-dist/tex/latex/graphics-cfg/color.cfg
File: color.cfg 2016/01/02 v1.6 sample color configuration
)

Package xcolor Warning: Package option `usenames' is obsolete and ignored on input line 266.

Package xcolor Info: Driver file: luatex.def on input line 274.
(/usr/local/texlive/2024/texmf-dist/tex/latex/graphics/mathcolor.ltx)
Package xcolor Info: Model `cmy' substituted by `cmy0' on input line 1350.
Package xcolor Info: Model `hsb' substituted by `rgb' on input line 1354.
Package xcolor Info: Model `RGB' extended on input line 1366.
Package xcolor Info: Model `HTML' substituted by `rgb' on input line 1368.
Package xcolor Info: Model `Hsb' substituted by `hsb' on input line 1369.
Package xcolor Info: Model `tHsb' substituted by `hsb' on input line 1370.
Package xcolor Info: Model `HSB' substituted by `hsb' on input line 1371.
Package xcolor Info: Model `Gray' substituted by `gray' on input line 1372.
Package xcolor Info: Model `wave' substituted by `hsb' on input line 1373.
) (/usr/local/texlive/2024/texmf-dist/tex/latex/graphics/dvipsnam.def
File: dvipsnam.def 2016/06/17 v3.0m Driver-dependent file (DPC,SPQR)
) (/usr/local/texlive/2024/texmf-dist/tex/latex/fontspec/fontspec.sty (/usr/local/texlive/2024/texmf-dist/tex/latex/l3packages/xparse/xparse.sty (/usr/local/texlive/2024/texmf-dist/tex/latex/l3kernel/expl3.sty
Package: expl3 2024-02-20 L3 programming layer (loader) 
 (/usr/local/texlive/2024/texmf-dist/tex/latex/l3backend/l3backend-luatex.def
File: l3backend-luatex.def 2024-02-20 L3 backend support: PDF output (LuaTeX)
\l__color_backend_stack_int=\count277
Inserting `l3color' in `luaotfload.parse_color'.
\l__pdf_internal_box=\box52
))
Package: xparse 2024-02-18 L3 Experimental document command parser
)
Package: fontspec 2024/02/13 v2.9a Font selection for XeLaTeX and LuaLaTeX
Lua module: fontspec 2024/02/13 2.9a Font selection for XeLaTeX and LuaLaTeX (/usr/local/texlive/2024/texmf-dist/tex/latex/fontspec/fontspec-luatex.sty
Package: fontspec-luatex 2024/02/13 v2.9a Font selection for XeLaTeX and LuaLaTeX
\l__fontspec_script_int=\count278
\l__fontspec_language_int=\count279
\l__fontspec_strnum_int=\count280
\l__fontspec_tmp_int=\count281
\l__fontspec_tmpa_int=\count282
\l__fontspec_tmpb_int=\count283
\l__fontspec_tmpc_int=\count284
\l__fontspec_em_int=\count285
\l__fontspec_emdef_int=\count286
\l__fontspec_strong_int=\count287
\l__fontspec_strongdef_int=\count288
\l__fontspec_tmpa_dim=\dimen157
\l__fontspec_tmpb_dim=\dimen158
\l__fontspec_tmpc_dim=\dimen159
 (/usr/local/texlive/2024/texmf-dist/tex/latex/base/fontenc.sty
Package: fontenc 2021/04/29 v2.0v Standard LaTeX package
) (/usr/local/texlive/2024/texmf-dist/tex/latex/fontspec/fontspec.cfg)))
luaotfload | db : Reload initiated (formats: otf,ttf,ttc); reason: File not found: "fonts/inter/inter-light".
luaotfload | aux : font no 21 (nil) does not define feature smcp for script latn with language dflt
luaotfload | aux : font no 22 (nil) does not define feature smcp for script latn with language dflt

Package fontspec Info: Font family 'inter-light(0)' created for font
(fontspec)             'inter-light' with options
(fontspec)             [Ligatures=TeX,Color=primary,Path =
(fontspec)             fonts/inter/,BoldFont=inter-semibold,UprightFeatures={SizeFeatures={Size=9.5}},BoldFeatures={SizeFeatures={Size=9.5}}].
(fontspec)              
(fontspec)              This font family consists of the following NFSS
(fontspec)             series/shapes:
(fontspec)              
(fontspec)             - 'normal' (m/n) with NFSS spec.:
(fontspec)             <9.5>"[fonts/inter/inter-light]:mode=node;script=latn;language=dflt;+tlig;color={2B2B2B};"
(fontspec)             - 'small caps'  (m/sc) with NFSS spec.: 
(fontspec)             - 'bold' (b/n) with NFSS spec.:
(fontspec)             <9.5>"[fonts/inter/inter-semibold]:mode=node;script=latn;language=dflt;+tlig;color={2B2B2B};"
(fontspec)             - 'bold small caps'  (b/sc) with NFSS spec.: 



LaTeX Font Warning: Font shape `TU/inter-light(0)/m/n' in size <10> not available
(Font)              size <9.5> substituted on input line 149.

Inserting `luaotfload.color_handler' in `post_linebreak_filter'.
Inserting `luaotfload.color_handler' in `hpack_filter'.
Inserting `luaotfload.color_handler' in `post_mlist_to_hlist_filter'.

Package fontspec Info: inter-light scale = 0.9499986012812264.


Package fontspec Warning: Input mapping not supported in LuaTeX.
(fontspec)                 Use "Ligatures=TeX" instead of "Mapping=tex-text".


Package fontspec Info: inter-light scale = 0.9499986012812264.

luaotfload | aux : font no 21 (nil) does not define feature smcp for script latn with language dflt

Package fontspec Info: Font family 'inter-light(1)' created for font
(fontspec)             'inter-light' with options
(fontspec)             [Ligatures=TeX,Scale=MatchLowercase,Mapping=tex-text,Path
(fontspec)             =
(fontspec)             fonts/inter/,UprightFeatures={SizeFeatures={Size=9.5}}].
(fontspec)              
(fontspec)              This font family consists of the following NFSS
(fontspec)             series/shapes:
(fontspec)              
(fontspec)             - 'normal' (m/n) with NFSS spec.:
(fontspec)             <9.5>s*[0.9499986012812264]"[fonts/inter/inter-light]:mode=node;script=latn;language=dflt;+tlig;"
(fontspec)             - 'small caps'  (m/sc) with NFSS spec.: 

(/usr/local/texlive/2024/texmf-dist/tex/latex/textpos/textpos.sty
Package: textpos 2022/07/23 v1.10.1
Package textpos Info: choosing support for LaTeX3 on input line 60.
\TP@textbox=\box53
\TP@holdbox=\box54
\TPHorizModule=\dimen160
\TPVertModule=\dimen161
\TP@margin=\dimen162
\TP@absmargin=\dimen163

Grid set 16 x 16 = 38.39343pt x 49.68562pt
\TPboxrulesize=\dimen164
\TP@ox=\dimen165
\TP@oy=\dimen166
\TP@tbargs=\toks22
TextBlockOrigin set to 0pt x 0pt
) (/usr/local/texlive/2024/texmf-dist/tex/latex/isodate/isodate.sty
Package: isodate 2010/01/03 v2.30 Print dates with different formats (HH)
 (/usr/local/texlive/2024/texmf-dist/tex/latex/base/ifthen.sty
Package: ifthen 2022/04/13 v1.1d Standard LaTeX ifthen package (DPC)
) (/usr/local/texlive/2024/texmf-dist/tex/latex/substr/substr.sty
Package: substr 2009/10/20 v1.2 Handle substrings
\c@su@anzahl=\count289
) (/usr/local/texlive/2024/texmf-dist/tex/latex/isodate/english.idf
File: english.idf 2010/01/03 v2.30 Language definitions for isodate package (HH)

Define commands for English date format
)
\c@iso@tmpmonth=\count290
\c@iso@yeartwo=\count291
\c@iso@slash=\count292
\c@iso@minus=\count293
\c@iso@dot=\count294
\c@iso@@slash=\count295
\c@iso@@minus=\count296
\c@iso@@dot=\count297
) (/usr/local/texlive/2024/texmf-dist/tex/latex/titlesec/titlesec.sty
Package: titlesec 2023/10/27 v2.16 Sectioning titles
\ttl@box=\box55
\beforetitleunit=\skip66
\aftertitleunit=\skip67
\ttl@plus=\dimen167
\ttl@minus=\dimen168
\ttl@toksa=\toks23
\titlewidth=\dimen169
\titlewidthlast=\dimen170
\titlewidthfirst=\dimen171
)) (/usr/local/texlive/2024/texmf-dist/tex/latex/fancyhdr/fancyhdr.sty
Package: fancyhdr 2022/11/09 v4.1 Extensive control of page headers and footers
\f@nch@headwidth=\skip68
\f@nch@O@elh=\skip69
\f@nch@O@erh=\skip70
\f@nch@O@olh=\skip71
\f@nch@O@orh=\skip72
\f@nch@O@elf=\skip73
\f@nch@O@erf=\skip74
\f@nch@O@olf=\skip75
\f@nch@O@orf=\skip76
) (./PlushCV.aux)
\openout1 = PlushCV.aux

LaTeX Font Info:    Checking defaults for OML/cmm/m/it on input line 43.
LaTeX Font Info:    ... okay on input line 43.
LaTeX Font Info:    Checking defaults for OMS/cmsy/m/n on input line 43.
LaTeX Font Info:    ... okay on input line 43.
LaTeX Font Info:    Checking defaults for OT1/cmr/m/n on input line 43.
LaTeX Font Info:    ... okay on input line 43.
LaTeX Font Info:    Checking defaults for T1/cmr/m/n on input line 43.
LaTeX Font Info:    ... okay on input line 43.
LaTeX Font Info:    Checking defaults for TS1/cmr/m/n on input line 43.
LaTeX Font Info:    Trying to load font information for TS1+cmr on input line 43.
 (/usr/local/texlive/2024/texmf-dist/tex/latex/base/ts1cmr.fd
File: ts1cmr.fd 2023/04/13 v2.5m Standard LaTeX font definitions
)
LaTeX Font Info:    ... okay on input line 43.
LaTeX Font Info:    Checking defaults for TU/lmr/m/n on input line 43.
LaTeX Font Info:    ... okay on input line 43.
LaTeX Font Info:    Checking defaults for OMX/cmex/m/n on input line 43.
LaTeX Font Info:    ... okay on input line 43.
LaTeX Font Info:    Checking defaults for U/cmr/m/n on input line 43.
LaTeX Font Info:    ... okay on input line 43.
LaTeX Font Info:    Checking defaults for PD1/pdf/m/n on input line 43.
LaTeX Font Info:    ... okay on input line 43.
LaTeX Font Info:    Checking defaults for PU/pdf/m/n on input line 43.
LaTeX Font Info:    ... okay on input line 43.

*geometry* driver: auto-detecting
*geometry* detected driver: luatex
*geometry* verbose mode - [ preamble ] result:
* driver: luatex
* paper: <default>
* layout: <same size as paper>
* layoutoffset:(h,v)=(0.0pt,0.0pt)
* modes: 
* h-part:(L,W,R)=(25.6073pt, 563.0804pt, 25.6073pt)
* v-part:(T,H,B)=(24.18501pt, 746.59996pt, 24.18501pt)
* \paperwidth=614.295pt
* \paperheight=794.96999pt
* \textwidth=563.0804pt
* \textheight=746.59996pt
* \oddsidemargin=-46.66269pt
* \evensidemargin=-46.66269pt
* \topmargin=-85.08498pt
* \headheight=12.0pt
* \headsep=25.0pt
* \topskip=10.0pt
* \footskip=30.0pt
* \marginparwidth=65.0pt
* \marginparsep=11.0pt
* \columnsep=10.0pt
* \skip\footins=9.0pt plus 4.0pt minus 2.0pt
* \hoffset=0.0pt
* \voffset=0.0pt
* \mag=1000
* \@twocolumnfalse
* \@twosidefalse
* \@mparswitchfalse
* \@reversemarginfalse
* (1in=72.27pt=25.4mm, 1cm=28.453pt)

Package hyperref Info: Link coloring OFF on input line 43.
(./PlushCV.out) (./PlushCV.out)
\@outlinefile=\write3

\openout3 = PlushCV.out
 (/usr/local/texlive/2024/texmf-dist/tex/context/base/mkii/supp-pdf.mkii
[Loading MPS to PDF converter (version 2006.09.02).]
\scratchcounter=\count298
\scratchdimen=\dimen172
\scratchbox=\box56
\nofMPsegments=\count299
\nofMParguments=\count300
\everyMPshowfont=\toks24
\MPscratchCnt=\count301
\MPscratchDim=\dimen173
\MPnumerator=\count302
\makeMPintoPDFobject=\count303
\everyMPtoPDFconversion=\toks25
) (/usr/local/texlive/2024/texmf-dist/tex/latex/epstopdf-pkg/epstopdf-base.sty
Package: epstopdf-base 2020-01-24 v2.11 Base part for package epstopdf
Package epstopdf-base Info: Redefining graphics rule for `.eps' on input line 485.
 (/usr/local/texlive/2024/texmf-dist/tex/latex/latexconfig/epstopdf-sys.cfg
File: epstopdf-sys.cfg 2010/07/13 v1.3 Configuration of (r)epstopdf for TeX Live
))
Package ragged2e Info: ABD: executing \RaggedRight on input line 43.

Package fontspec Info: Adjusting the maths setup (use [no-math] to avoid
(fontspec)             this).

\symlegacymaths=\mathgroup4
LaTeX Font Info:    Overwriting symbol font `legacymaths' in version `bold'
(Font)                  OT1/cmr/m/n --> OT1/cmr/bx/n on input line 43.
LaTeX Font Info:    Redeclaring math accent \acute on input line 43.
LaTeX Font Info:    Redeclaring math accent \grave on input line 43.
LaTeX Font Info:    Redeclaring math accent \ddot on input line 43.
LaTeX Font Info:    Redeclaring math accent \tilde on input line 43.
LaTeX Font Info:    Redeclaring math accent \bar on input line 43.
LaTeX Font Info:    Redeclaring math accent \breve on input line 43.
LaTeX Font Info:    Redeclaring math accent \check on input line 43.
LaTeX Font Info:    Redeclaring math accent \hat on input line 43.
LaTeX Font Info:    Redeclaring math accent \dot on input line 43.
LaTeX Font Info:    Redeclaring math accent \mathring on input line 43.
LaTeX Font Info:    Redeclaring math symbol \colon on input line 43.
LaTeX Font Info:    Redeclaring math symbol \Gamma on input line 43.
LaTeX Font Info:    Redeclaring math symbol \Delta on input line 43.
LaTeX Font Info:    Redeclaring math symbol \Theta on input line 43.
LaTeX Font Info:    Redeclaring math symbol \Lambda on input line 43.
LaTeX Font Info:    Redeclaring math symbol \Xi on input line 43.
LaTeX Font Info:    Redeclaring math symbol \Pi on input line 43.
LaTeX Font Info:    Redeclaring math symbol \Sigma on input line 43.
LaTeX Font Info:    Redeclaring math symbol \Upsilon on input line 43.
LaTeX Font Info:    Redeclaring math symbol \Phi on input line 43.
LaTeX Font Info:    Redeclaring math symbol \Psi on input line 43.
LaTeX Font Info:    Redeclaring math symbol \Omega on input line 43.
LaTeX Font Info:    Redeclaring math symbol \mathdollar on input line 43.
LaTeX Font Info:    Redeclaring symbol font `operators' on input line 43.
LaTeX Font Info:    Encoding `OT1' has changed to `TU' for symbol font
(Font)              `operators' in the math version `normal' on input line 43.
LaTeX Font Info:    Overwriting symbol font `operators' in version `normal'
(Font)                  OT1/cmr/m/n --> TU/inter-light(0)/m/n on input line 43.
LaTeX Font Info:    Encoding `OT1' has changed to `TU' for symbol font
(Font)              `operators' in the math version `bold' on input line 43.
LaTeX Font Info:    Overwriting symbol font `operators' in version `bold'
(Font)                  OT1/cmr/bx/n --> TU/inter-light(0)/m/n on input line 43.
LaTeX Font Info:    Overwriting symbol font `operators' in version `normal'
(Font)                  TU/inter-light(0)/m/n --> TU/inter-light(0)/m/n on input line 43.
LaTeX Font Info:    Overwriting math alphabet `\mathit' in version `normal'
(Font)                  OT1/cmr/m/it --> TU/inter-light(0)/m/it on input line 43.
LaTeX Font Info:    Overwriting math alphabet `\mathbf' in version `normal'
(Font)                  OT1/cmr/bx/n --> TU/inter-light(0)/b/n on input line 43.
LaTeX Font Info:    Overwriting math alphabet `\mathsf' in version `normal'
(Font)                  OT1/cmss/m/n --> TU/inter-light(1)/m/n on input line 43.
LaTeX Font Info:    Overwriting math alphabet `\mathtt' in version `normal'
(Font)                  OT1/cmtt/m/n --> TU/lmtt/m/n on input line 43.
LaTeX Font Info:    Overwriting symbol font `operators' in version `bold'
(Font)                  TU/inter-light(0)/m/n --> TU/inter-light(0)/b/n on input line 43.
LaTeX Font Info:    Overwriting math alphabet `\mathit' in version `bold'
(Font)                  OT1/cmr/bx/it --> TU/inter-light(0)/b/it on input line 43.
LaTeX Font Info:    Overwriting math alphabet `\mathsf' in version `bold'
(Font)                  OT1/cmss/bx/n --> TU/inter-light(1)/b/n on input line 43.
LaTeX Font Info:    Overwriting math alphabet `\mathtt' in version `bold'
(Font)                  OT1/cmtt/m/n --> TU/lmtt/b/n on input line 43.

isodate: babel.sty, (n)german.sty have not been loaded

Package fontspec Info: Font family 'sourcesanspro-SemiBold(0)' created for
(fontspec)             font 'sourcesanspro-SemiBold' with options [Path =
(fontspec)             fonts/sourcesanspro/].
(fontspec)              
(fontspec)              This font family consists of the following NFSS
(fontspec)             series/shapes:
(fontspec)              
(fontspec)             - 'normal' (m/n) with NFSS spec.:
(fontspec)             <->"[fonts/sourcesanspro/sourcesanspro-SemiBold]:mode=node;script=latn;language=dflt;"
(fontspec)             - 'small caps'  (m/sc) with NFSS spec.:
(fontspec)             <->"[fonts/sourcesanspro/sourcesanspro-SemiBold]:mode=node;script=latn;language=dflt;+smcp;"


Package fontspec Info: Font family 'sourcesanspro-light(0)' created for font
(fontspec)             'sourcesanspro-light' with options [Path =
(fontspec)             fonts/sourcesanspro/].
(fontspec)              
(fontspec)              This font family consists of the following NFSS
(fontspec)             series/shapes:
(fontspec)              
(fontspec)             - 'normal' (m/n) with NFSS spec.:
(fontspec)             <->"[fonts/sourcesanspro/sourcesanspro-light]:mode=node;script=latn;language=dflt;"
(fontspec)             - 'small caps'  (m/sc) with NFSS spec.:
(fontspec)             <->"[fonts/sourcesanspro/sourcesanspro-light]:mode=node;script=latn;language=dflt;+smcp;"

luaotfload | aux : font no 35 (nil) does not define feature smcp for script latn with language dflt

Package fontspec Info: Font family 'OfficeCodeProD-Light(0)' created for font
(fontspec)             'OfficeCodeProD-Light' with options [Path =
(fontspec)             fonts/officecodeprod/].
(fontspec)              
(fontspec)              This font family consists of the following NFSS
(fontspec)             series/shapes:
(fontspec)              
(fontspec)             - 'normal' (m/n) with NFSS spec.:
(fontspec)             <->"[fonts/officecodeprod/OfficeCodeProD-Light]:mode=node;script=latn;language=dflt;"
(fontspec)             - 'small caps'  (m/sc) with NFSS spec.: 

<icons/main/home.png, id=40, 100.375pt x 100.375pt>
File: icons/main/home.png Graphic file (type png)
<use icons/main/home.png>
Package luatex.def Info: icons/main/home.png  used on input line 58.
(luatex.def)             Requested size: 16.54176pt x 14.90576pt.
<icons/main/github.png, id=42, 100.375pt x 100.375pt>
File: icons/main/github.png Graphic file (type png)
<use icons/main/github.png>
Package luatex.def Info: icons/main/github.png  used on input line 58.
(luatex.def)             Requested size: 25.70331pt x 14.90576pt.
<icons/main/linkedin.png, id=44, 100.375pt x 100.375pt>
File: icons/main/linkedin.png Graphic file (type png)
<use icons/main/linkedin.png>
Package luatex.def Info: icons/main/linkedin.png  used on input line 58.
(luatex.def)             Requested size: 25.70331pt x 14.90576pt.
<icons/main/mail.png, id=46, 100.375pt x 100.375pt>
File: icons/main/mail.png Graphic file (type png)
<use icons/main/mail.png>
Package luatex.def Info: icons/main/mail.png  used on input line 58.
(luatex.def)             Requested size: 25.70331pt x 14.90576pt.
<icons/main/phone.png, id=48, 100.375pt x 100.375pt>
File: icons/main/phone.png Graphic file (type png)
<use icons/main/phone.png>
Package luatex.def Info: icons/main/phone.png  used on input line 58.
(luatex.def)             Requested size: 25.70331pt x 14.90576pt.

LaTeX Font Warning: Font shape `TU/inter-light(0)/m/n' in size <7> not available
(Font)              size <9.5> substituted on input line 58.


LaTeX Font Warning: Font shape `TU/inter-light(0)/m/n' in size <5> not available
(Font)              size <9.5> substituted on input line 58.

LaTeX Font Info:    External font `cmex10' loaded for size
(Font)              <7> on input line 58.
LaTeX Font Info:    External font `cmex10' loaded for size
(Font)              <5> on input line 58.

LaTeX Font Warning: Font shape `TU/inter-light(0)/m/sc' undefined
(Font)              using `TU/inter-light(0)/m/n' instead on input line 73.


LaTeX Font Warning: Font shape `TU/sourcesanspro-SemiBold(0)/b/n' undefined
(Font)              using `TU/sourcesanspro-SemiBold(0)/m/n' instead on input line 75.


LaTeX Font Warning: Font shape `TU/inter-light(0)/m/n' in size <8> not available
(Font)              size <9.5> substituted on input line 102.


LaTeX Font Warning: Font shape `TU/inter-light(0)/m/sc' in size <8> not available
(Font)              size <9.5> substituted on input line 116.


LaTeX Font Warning: Font shape `TU/inter-light(0)/m/sc' in size <10> not available
(Font)              size <9.5> substituted on input line 204.


LaTeX Font Warning: Font shape `TU/inter-light(0)/m/n' in size <12> not available
(Font)              size <9.5> substituted on input line 205.


LaTeX Font Warning: Font shape `TU/inter-light(0)/m/sc' in size <12> not available
(Font)              size <9.5> substituted on input line 206.

<icons/main/angular.png, id=50, 48.18pt x 48.18pt>
File: icons/main/angular.png Graphic file (type png)
<use icons/main/angular.png>
Package luatex.def Info: icons/main/angular.png  used on input line 211.
(luatex.def)             Requested size: 10.84076pt x 9.8805pt.
<icons/main/graphql.png, id=51, 48.18pt x 48.18pt>
File: icons/main/graphql.png Graphic file (type png)
<use icons/main/graphql.png>
Package luatex.def Info: icons/main/graphql.png  used on input line 211.
(luatex.def)             Requested size: 10.84076pt x 9.8805pt.
File: icons/main/angular.png Graphic file (type png)
<use icons/main/angular.png>
Package luatex.def Info: icons/main/angular.png  used on input line 212.
(luatex.def)             Requested size: 10.84076pt x 9.8805pt.
File: icons/main/graphql.png Graphic file (type png)
<use icons/main/graphql.png>
Package luatex.def Info: icons/main/graphql.png  used on input line 212.
(luatex.def)             Requested size: 10.84076pt x 9.8805pt.
File: icons/main/angular.png Graphic file (type png)
<use icons/main/angular.png>
Package luatex.def Info: icons/main/angular.png  used on input line 213.
(luatex.def)             Requested size: 10.84076pt x 9.8805pt.
File: icons/main/graphql.png Graphic file (type png)
<use icons/main/graphql.png>
Package luatex.def Info: icons/main/graphql.png  used on input line 213.
(luatex.def)             Requested size: 10.84076pt x 9.8805pt.
<icons/main/react.png, id=52, 40.15pt x 40.15pt>
File: icons/main/react.png Graphic file (type png)
<use icons/main/react.png>
Package luatex.def Info: icons/main/react.png  used on input line 225.
(luatex.def)             Requested size: 9.03397pt x 8.0737pt.
<icons/main/python.png, id=53, 48.18pt x 48.18pt>
File: icons/main/python.png Graphic file (type png)
<use icons/main/python.png>
Package luatex.def Info: icons/main/python.png  used on input line 225.
(luatex.def)             Requested size: 10.84076pt x 9.8805pt.
<icons/main/gcp.png, id=54, 48.18pt x 48.18pt>
File: icons/main/gcp.png Graphic file (type png)
<use icons/main/gcp.png>
Package luatex.def Info: icons/main/gcp.png  used on input line 225.
(luatex.def)             Requested size: 10.84076pt x 9.8805pt.
<icons/main/sql.png, id=55, 48.18pt x 48.18pt>
File: icons/main/sql.png Graphic file (type png)
<use icons/main/sql.png>
Package luatex.def Info: icons/main/sql.png  used on input line 225.
(luatex.def)             Requested size: 10.84076pt x 9.8805pt.
File: icons/main/python.png Graphic file (type png)
<use icons/main/python.png>
Package luatex.def Info: icons/main/python.png  used on input line 227.
(luatex.def)             Requested size: 10.84076pt x 9.8805pt.
File: icons/main/sql.png Graphic file (type png)
<use icons/main/sql.png>
Package luatex.def Info: icons/main/sql.png  used on input line 227.
(luatex.def)             Requested size: 10.84076pt x 9.8805pt.
File: icons/main/gcp.png Graphic file (type png)
<use icons/main/gcp.png>
Package luatex.def Info: icons/main/gcp.png  used on input line 227.
(luatex.def)             Requested size: 10.84076pt x 9.8805pt.

LaTeX Font Warning: Font shape `TU/inter-light(0)/m/n' in size <6> not available
(Font)              size <9.5> substituted on input line 229.

LaTeX Font Info:    External font `cmex10' loaded for size
(Font)              <8> on input line 229.
LaTeX Font Info:    External font `cmex10' loaded for size
(Font)              <6> on input line 229.
<icons/main/aws.png, id=56, 48.18pt x 48.18pt>
File: icons/main/aws.png Graphic file (type png)
<use icons/main/aws.png>
Package luatex.def Info: icons/main/aws.png  used on input line 229.
(luatex.def)             Requested size: 10.84076pt x 9.8805pt.
File: icons/main/gcp.png Graphic file (type png)
<use icons/main/gcp.png>
Package luatex.def Info: icons/main/gcp.png  used on input line 229.
(luatex.def)             Requested size: 10.84076pt x 9.8805pt.
File: icons/main/react.png Graphic file (type png)
<use icons/main/react.png>
Package luatex.def Info: icons/main/react.png  used on input line 231.
(luatex.def)             Requested size: 9.03397pt x 8.0737pt.
File: icons/main/python.png Graphic file (type png)
<use icons/main/python.png>
Package luatex.def Info: icons/main/python.png  used on input line 231.
(luatex.def)             Requested size: 10.84076pt x 9.8805pt.
<icons/main/docker.png, id=57, 48.18pt x 48.18pt>
File: icons/main/docker.png Graphic file (type png)
<use icons/main/docker.png>
Package luatex.def Info: icons/main/docker.png  used on input line 231.
(luatex.def)             Requested size: 10.84076pt x 9.8805pt.
File: icons/main/react.png Graphic file (type png)
<use icons/main/react.png>
Package luatex.def Info: icons/main/react.png  used on input line 233.
(luatex.def)             Requested size: 9.03397pt x 8.0737pt.
File: icons/main/python.png Graphic file (type png)
<use icons/main/python.png>
Package luatex.def Info: icons/main/python.png  used on input line 233.
(luatex.def)             Requested size: 10.84076pt x 9.8805pt.
File: icons/main/gcp.png Graphic file (type png)
<use icons/main/gcp.png>
Package luatex.def Info: icons/main/gcp.png  used on input line 233.
(luatex.def)             Requested size: 10.84076pt x 9.8805pt.
File: icons/main/react.png Graphic file (type png)
<use icons/main/react.png>
Package luatex.def Info: icons/main/react.png  used on input line 235.
(luatex.def)             Requested size: 9.03397pt x 8.0737pt.
<icons/main/d3.png, id=58, 48.18pt x 48.18pt>
File: icons/main/d3.png Graphic file (type png)
<use icons/main/d3.png>
Package luatex.def Info: icons/main/d3.png  used on input line 235.
(luatex.def)             Requested size: 10.84076pt x 9.8805pt.
File: icons/main/sql.png Graphic file (type png)
<use icons/main/sql.png>
Package luatex.def Info: icons/main/sql.png  used on input line 235.
(luatex.def)             Requested size: 10.84076pt x 9.8805pt.
File: icons/main/python.png Graphic file (type png)
<use icons/main/python.png>
Package luatex.def Info: icons/main/python.png  used on input line 235.
(luatex.def)             Requested size: 10.84076pt x 9.8805pt.
File: icons/main/python.png Graphic file (type png)
<use icons/main/python.png>
Package luatex.def Info: icons/main/python.png  used on input line 245.
(luatex.def)             Requested size: 10.84076pt x 9.8805pt.
File: icons/main/d3.png Graphic file (type png)
<use icons/main/d3.png>
Package luatex.def Info: icons/main/d3.png  used on input line 245.
(luatex.def)             Requested size: 10.84076pt x 9.8805pt.
File: icons/main/python.png Graphic file (type png)
<use icons/main/python.png>
Package luatex.def Info: icons/main/python.png  used on input line 247.
(luatex.def)             Requested size: 10.84076pt x 9.8805pt.
File: icons/main/d3.png Graphic file (type png)
<use icons/main/d3.png>
Package luatex.def Info: icons/main/d3.png  used on input line 247.
(luatex.def)             Requested size: 10.84076pt x 9.8805pt.
File: icons/main/d3.png Graphic file (type png)
<use icons/main/d3.png>
Package luatex.def Info: icons/main/d3.png  used on input line 251.
(luatex.def)             Requested size: 10.84076pt x 9.8805pt.
File: icons/main/aws.png Graphic file (type png)
<use icons/main/aws.png>
Package luatex.def Info: icons/main/aws.png  used on input line 282.
(luatex.def)             Requested size: 10.84076pt x 9.8805pt.
File: icons/main/react.png Graphic file (type png)
<use icons/main/react.png>
Package luatex.def Info: icons/main/react.png  used on input line 282.
(luatex.def)             Requested size: 9.03397pt x 8.0737pt.
File: icons/main/graphql.png Graphic file (type png)
<use icons/main/graphql.png>
Package luatex.def Info: icons/main/graphql.png  used on input line 282.
(luatex.def)             Requested size: 10.84076pt x 9.8805pt.
File: icons/main/python.png Graphic file (type png)
<use icons/main/python.png>
Package luatex.def Info: icons/main/python.png  used on input line 293.
(luatex.def)             Requested size: 10.84076pt x 9.8805pt.
[1

{/usr/local/texlive/2024/texmf-var/fonts/map/pdftex/updmap/pdftex.map}<./icons/main/home.png><./icons/main/github.png><./icons/main/linkedin.png><./icons/main/mail.png><./icons/main/phone.png><./icons/main/angular.png><./icons/main/graphql.png><./icons/main/react.png><./icons/main/python.png><./icons/main/gcp.png><./icons/main/sql.png><./icons/main/aws.png><./icons/main/docker.png><./icons/main/d3.png>] (./PlushCV.aux)
 ***********
LaTeX2e <2023-11-01> patch level 1
L3 programming layer <2024-02-20>
 ***********


LaTeX Font Warning: Size substitutions with differences
(Font)              up to 4.5pt have occurred.


LaTeX Font Warning: Some font shapes were not available, defaults substituted.

Package rerunfilecheck Info: File `PlushCV.out' has not changed.
(rerunfilecheck)             Checksum: 2EDF5CF1859B5E99B63D8BD2EF6835E7;956.
)

Here is how much of LuaTeX's memory you used:
 14104 strings out of 476447
 156290,1977958 words of node,token memory allocated
 527 words of node memory still in use:
   3 hlist, 1 vlist, 1 rule, 2 glue, 3 kern, 1 glyph, 6 attribute, 71 glue_spec, 5 attribute_list, 1 write nodes
   avail lists: 2:3198,3:1103,4:717,5:1168,6:203,7:12092,8:2,9:1943,10:17,11:876
 35825 multiletter control sequences out of 65536+600000
 73 fonts using 13184719 bytes
 94i,11n,136p,391b,557s stack positions out of 10000i,1000n,20000p,200000b,200000s
<./fonts/inter/inter-light.ttf><./fonts/officecodeprod/OfficeCodeProD-Light.ttf><./fonts/sourcesanspro/sourcesanspro-light.ttf><./fonts/sourcesanspro/sourcesanspro-SemiBold.ttf></usr/local/texlive/2024/texmf-dist/fonts/type1/public/amsfonts/cm/cmsy8.pfb></usr/local/texlive/2024/texmf-dist/fonts/type1/urw/zapfding/uzdr.pfb>
Output written on PlushCV.pdf (1 page, 96815 bytes).

PDF statistics: 120 PDF objects out of 1000 (max. 8388607)
 74 compressed objects within 1 object stream
 11 named destinations out of 1000 (max. 131072)
 73 words of extra memory for PDF output out of 10000 (max. 100000000)

